<?xml version="1.0" encoding="UTF-8"?>
<testsuite xmlns:xsi="http://www.w3.org/2001/XMLSchema-instance" xsi:noNamespaceSchemaLocation="https://maven.apache.org/surefire/maven-surefire-plugin/xsd/surefire-test-report.xsd" name="org.dean.AppTest" time="0.03" tests="1" errors="0" skipped="0" failures="0">
  <properties>
    <property name="awt.toolkit" value="sun.awt.X11.XToolkit"/>
    <property name="file.encoding.pkg" value="sun.io"/>
    <property name="java.specification.version" value="1.8"/>
    <property name="sun.cpu.isalist" value=""/>
    <property name="sun.jnu.encoding" value="UTF-8"/>
    <property name="java.class.path" value="/home/student/songwanquan/maven/hadoop-rpc-demo/rpc-server/target/test-classes:/home/student/songwanquan/maven/hadoop-rpc-demo/rpc-server/target/classes:/home/student/.m2/repository/org/apache/hadoop/hadoop-common/3.0.0/hadoop-common-3.0.0.jar:/home/student/.m2/repository/org/apache/hadoop/hadoop-annotations/3.0.0/hadoop-annotations-3.0.0.jar:/usr/lib/jvm/java-1.8.0-openjdk-1.8.0.292.b10-1.el7_9.x86_64/jre/../lib/tools.jar:/home/student/.m2/repository/com/google/guava/guava/11.0.2/guava-11.0.2.jar:/home/student/.m2/repository/commons-cli/commons-cli/1.2/commons-cli-1.2.jar:/home/student/.m2/repository/org/apache/commons/commons-math3/3.1.1/commons-math3-3.1.1.jar:/home/student/.m2/repository/org/apache/httpcomponents/httpclient/4.5.2/httpclient-4.5.2.jar:/home/student/.m2/repository/org/apache/httpcomponents/httpcore/4.4.4/httpcore-4.4.4.jar:/home/student/.m2/repository/commons-codec/commons-codec/1.4/commons-codec-1.4.jar:/home/student/.m2/repository/commons-io/commons-io/2.4/commons-io-2.4.jar:/home/student/.m2/repository/commons-net/commons-net/3.1/commons-net-3.1.jar:/home/student/.m2/repository/commons-collections/commons-collections/3.2.2/commons-collections-3.2.2.jar:/home/student/.m2/repository/javax/servlet/javax.servlet-api/3.1.0/javax.servlet-api-3.1.0.jar:/home/student/.m2/repository/org/eclipse/jetty/jetty-server/9.3.19.v20170502/jetty-server-9.3.19.v20170502.jar:/home/student/.m2/repository/org/eclipse/jetty/jetty-http/9.3.19.v20170502/jetty-http-9.3.19.v20170502.jar:/home/student/.m2/repository/org/eclipse/jetty/jetty-io/9.3.19.v20170502/jetty-io-9.3.19.v20170502.jar:/home/student/.m2/repository/org/eclipse/jetty/jetty-util/9.3.19.v20170502/jetty-util-9.3.19.v20170502.jar:/home/student/.m2/repository/org/eclipse/jetty/jetty-servlet/9.3.19.v20170502/jetty-servlet-9.3.19.v20170502.jar:/home/student/.m2/repository/org/eclipse/jetty/jetty-security/9.3.19.v20170502/jetty-security-9.3.19.v20170502.jar:/home/student/.m2/repository/org/eclipse/jetty/jetty-webapp/9.3.19.v20170502/jetty-webapp-9.3.19.v20170502.jar:/home/student/.m2/repository/org/eclipse/jetty/jetty-xml/9.3.19.v20170502/jetty-xml-9.3.19.v20170502.jar:/home/student/.m2/repository/javax/servlet/jsp/jsp-api/2.1/jsp-api-2.1.jar:/home/student/.m2/repository/com/sun/jersey/jersey-core/1.19/jersey-core-1.19.jar:/home/student/.m2/repository/javax/ws/rs/jsr311-api/1.1.1/jsr311-api-1.1.1.jar:/home/student/.m2/repository/com/sun/jersey/jersey-servlet/1.19/jersey-servlet-1.19.jar:/home/student/.m2/repository/com/sun/jersey/jersey-json/1.19/jersey-json-1.19.jar:/home/student/.m2/repository/org/codehaus/jettison/jettison/1.1/jettison-1.1.jar:/home/student/.m2/repository/com/sun/xml/bind/jaxb-impl/2.2.3-1/jaxb-impl-2.2.3-1.jar:/home/student/.m2/repository/org/codehaus/jackson/jackson-core-asl/1.9.2/jackson-core-asl-1.9.2.jar:/home/student/.m2/repository/org/codehaus/jackson/jackson-mapper-asl/1.9.2/jackson-mapper-asl-1.9.2.jar:/home/student/.m2/repository/org/codehaus/jackson/jackson-jaxrs/1.9.2/jackson-jaxrs-1.9.2.jar:/home/student/.m2/repository/org/codehaus/jackson/jackson-xc/1.9.2/jackson-xc-1.9.2.jar:/home/student/.m2/repository/com/sun/jersey/jersey-server/1.19/jersey-server-1.19.jar:/home/student/.m2/repository/commons-logging/commons-logging/1.1.3/commons-logging-1.1.3.jar:/home/student/.m2/repository/log4j/log4j/1.2.17/log4j-1.2.17.jar:/home/student/.m2/repository/commons-lang/commons-lang/2.6/commons-lang-2.6.jar:/home/student/.m2/repository/commons-beanutils/commons-beanutils/1.9.3/commons-beanutils-1.9.3.jar:/home/student/.m2/repository/org/apache/commons/commons-configuration2/2.1.1/commons-configuration2-2.1.1.jar:/home/student/.m2/repository/org/apache/commons/commons-lang3/3.4/commons-lang3-3.4.jar:/home/student/.m2/repository/org/slf4j/slf4j-api/1.7.25/slf4j-api-1.7.25.jar:/home/student/.m2/repository/org/slf4j/slf4j-log4j12/1.7.25/slf4j-log4j12-1.7.25.jar:/home/student/.m2/repository/org/apache/avro/avro/1.7.7/avro-1.7.7.jar:/home/student/.m2/repository/com/thoughtworks/paranamer/paranamer/2.3/paranamer-2.3.jar:/home/student/.m2/repository/org/xerial/snappy/snappy-java/1.0.5/snappy-java-1.0.5.jar:/home/student/.m2/repository/com/google/re2j/re2j/1.1/re2j-1.1.jar:/home/student/.m2/repository/com/google/protobuf/protobuf-java/2.5.0/protobuf-java-2.5.0.jar:/home/student/.m2/repository/com/google/code/gson/gson/2.2.4/gson-2.2.4.jar:/home/student/.m2/repository/com/jcraft/jsch/0.1.54/jsch-0.1.54.jar:/home/student/.m2/repository/org/apache/curator/curator-client/2.12.0/curator-client-2.12.0.jar:/home/student/.m2/repository/org/apache/curator/curator-recipes/2.12.0/curator-recipes-2.12.0.jar:/home/student/.m2/repository/com/google/code/findbugs/jsr305/3.0.0/jsr305-3.0.0.jar:/home/student/.m2/repository/org/apache/htrace/htrace-core4/4.1.0-incubating/htrace-core4-4.1.0-incubating.jar:/home/student/.m2/repository/org/apache/zookeeper/zookeeper/3.4.9/zookeeper-3.4.9.jar:/home/student/.m2/repository/jline/jline/0.9.94/jline-0.9.94.jar:/home/student/.m2/repository/org/apache/commons/commons-compress/1.4.1/commons-compress-1.4.1.jar:/home/student/.m2/repository/org/tukaani/xz/1.0/xz-1.0.jar:/home/student/.m2/repository/org/apache/kerby/kerb-simplekdc/1.0.1/kerb-simplekdc-1.0.1.jar:/home/student/.m2/repository/org/apache/kerby/kerb-client/1.0.1/kerb-client-1.0.1.jar:/home/student/.m2/repository/org/apache/kerby/kerby-config/1.0.1/kerby-config-1.0.1.jar:/home/student/.m2/repository/org/apache/kerby/kerb-core/1.0.1/kerb-core-1.0.1.jar:/home/student/.m2/repository/org/apache/kerby/kerby-pkix/1.0.1/kerby-pkix-1.0.1.jar:/home/student/.m2/repository/org/apache/kerby/kerby-asn1/1.0.1/kerby-asn1-1.0.1.jar:/home/student/.m2/repository/org/apache/kerby/kerby-util/1.0.1/kerby-util-1.0.1.jar:/home/student/.m2/repository/org/apache/kerby/kerb-common/1.0.1/kerb-common-1.0.1.jar:/home/student/.m2/repository/org/apache/kerby/kerb-crypto/1.0.1/kerb-crypto-1.0.1.jar:/home/student/.m2/repository/org/apache/kerby/kerb-util/1.0.1/kerb-util-1.0.1.jar:/home/student/.m2/repository/org/apache/kerby/token-provider/1.0.1/token-provider-1.0.1.jar:/home/student/.m2/repository/org/apache/kerby/kerb-admin/1.0.1/kerb-admin-1.0.1.jar:/home/student/.m2/repository/org/apache/kerby/kerb-server/1.0.1/kerb-server-1.0.1.jar:/home/student/.m2/repository/org/apache/kerby/kerb-identity/1.0.1/kerb-identity-1.0.1.jar:/home/student/.m2/repository/org/apache/kerby/kerby-xdr/1.0.1/kerby-xdr-1.0.1.jar:/home/student/.m2/repository/com/fasterxml/jackson/core/jackson-databind/2.7.8/jackson-databind-2.7.8.jar:/home/student/.m2/repository/com/fasterxml/jackson/core/jackson-annotations/2.7.0/jackson-annotations-2.7.0.jar:/home/student/.m2/repository/com/fasterxml/jackson/core/jackson-core/2.7.8/jackson-core-2.7.8.jar:/home/student/.m2/repository/org/codehaus/woodstox/stax2-api/3.1.4/stax2-api-3.1.4.jar:/home/student/.m2/repository/com/fasterxml/woodstox/woodstox-core/5.0.3/woodstox-core-5.0.3.jar:/home/student/.m2/repository/org/apache/hadoop/hadoop-hdfs/3.0.0/hadoop-hdfs-3.0.0.jar:/home/student/.m2/repository/org/eclipse/jetty/jetty-util-ajax/9.3.19.v20170502/jetty-util-ajax-9.3.19.v20170502.jar:/home/student/.m2/repository/commons-daemon/commons-daemon/1.0.13/commons-daemon-1.0.13.jar:/home/student/.m2/repository/io/netty/netty/3.10.5.Final/netty-3.10.5.Final.jar:/home/student/.m2/repository/io/netty/netty-all/4.0.23.Final/netty-all-4.0.23.Final.jar:/home/student/.m2/repository/org/fusesource/leveldbjni/leveldbjni-all/1.8/leveldbjni-all-1.8.jar:/home/student/.m2/repository/org/apache/hadoop/hadoop-client/3.0.0/hadoop-client-3.0.0.jar:/home/student/.m2/repository/org/apache/hadoop/hadoop-hdfs-client/3.0.0/hadoop-hdfs-client-3.0.0.jar:/home/student/.m2/repository/com/squareup/okhttp/okhttp/2.4.0/okhttp-2.4.0.jar:/home/student/.m2/repository/com/squareup/okio/okio/1.4.0/okio-1.4.0.jar:/home/student/.m2/repository/org/apache/hadoop/hadoop-yarn-api/3.0.0/hadoop-yarn-api-3.0.0.jar:/home/student/.m2/repository/javax/xml/bind/jaxb-api/2.2.11/jaxb-api-2.2.11.jar:/home/student/.m2/repository/org/apache/hadoop/hadoop-yarn-client/3.0.0/hadoop-yarn-client-3.0.0.jar:/home/student/.m2/repository/org/apache/hadoop/hadoop-mapreduce-client-core/3.0.0/hadoop-mapreduce-client-core-3.0.0.jar:/home/student/.m2/repository/org/apache/hadoop/hadoop-yarn-common/3.0.0/hadoop-yarn-common-3.0.0.jar:/home/student/.m2/repository/com/sun/jersey/jersey-client/1.19/jersey-client-1.19.jar:/home/student/.m2/repository/com/google/inject/guice/4.0/guice-4.0.jar:/home/student/.m2/repository/javax/inject/javax.inject/1/javax.inject-1.jar:/home/student/.m2/repository/aopalliance/aopalliance/1.0/aopalliance-1.0.jar:/home/student/.m2/repository/com/sun/jersey/contribs/jersey-guice/1.19/jersey-guice-1.19.jar:/home/student/.m2/repository/com/fasterxml/jackson/module/jackson-module-jaxb-annotations/2.7.8/jackson-module-jaxb-annotations-2.7.8.jar:/home/student/.m2/repository/com/fasterxml/jackson/jaxrs/jackson-jaxrs-json-provider/2.7.8/jackson-jaxrs-json-provider-2.7.8.jar:/home/student/.m2/repository/com/fasterxml/jackson/jaxrs/jackson-jaxrs-base/2.7.8/jackson-jaxrs-base-2.7.8.jar:/home/student/.m2/repository/com/google/inject/extensions/guice-servlet/4.0/guice-servlet-4.0.jar:/home/student/.m2/repository/org/apache/hadoop/hadoop-mapreduce-client-common/3.0.0/hadoop-mapreduce-client-common-3.0.0.jar:/home/student/.m2/repository/org/apache/hadoop/hadoop-mapreduce-client-hs/3.0.0/hadoop-mapreduce-client-hs-3.0.0.jar:/home/student/.m2/repository/org/apache/hadoop/hadoop-mapreduce-client-app/3.0.0/hadoop-mapreduce-client-app-3.0.0.jar:/home/student/.m2/repository/org/apache/hadoop/hadoop-yarn-server-web-proxy/3.0.0/hadoop-yarn-server-web-proxy-3.0.0.jar:/home/student/.m2/repository/org/apache/hadoop/hadoop-mapreduce-client-jobclient/3.0.0/hadoop-mapreduce-client-jobclient-3.0.0.jar:/home/student/.m2/repository/org/apache/hadoop/hadoop-mapreduce-client-shuffle/3.0.0/hadoop-mapreduce-client-shuffle-3.0.0.jar:/home/student/.m2/repository/org/apache/hadoop/hadoop-yarn-server-common/3.0.0/hadoop-yarn-server-common-3.0.0.jar:/home/student/.m2/repository/org/apache/geronimo/specs/geronimo-jcache_1.0_spec/1.0-alpha-1/geronimo-jcache_1.0_spec-1.0-alpha-1.jar:/home/student/.m2/repository/org/ehcache/ehcache/3.3.1/ehcache-3.3.1.jar:/home/student/.m2/repository/com/zaxxer/HikariCP-java7/2.4.12/HikariCP-java7-2.4.12.jar:/home/student/.m2/repository/org/apache/hadoop/hadoop-yarn-server-nodemanager/3.0.0/hadoop-yarn-server-nodemanager-3.0.0.jar:/home/student/.m2/repository/org/apache/hadoop/hadoop-yarn-registry/3.0.0/hadoop-yarn-registry-3.0.0.jar:/home/student/.m2/repository/com/codahale/metrics/metrics-core/3.0.1/metrics-core-3.0.1.jar:/home/student/.m2/repository/org/apache/hadoop/hadoop-auth/3.0.0/hadoop-auth-3.0.0.jar:/home/student/.m2/repository/com/nimbusds/nimbus-jose-jwt/4.41.1/nimbus-jose-jwt-4.41.1.jar:/home/student/.m2/repository/com/github/stephenc/jcip/jcip-annotations/1.0-1/jcip-annotations-1.0-1.jar:/home/student/.m2/repository/net/minidev/json-smart/2.3/json-smart-2.3.jar:/home/student/.m2/repository/net/minidev/accessors-smart/1.2/accessors-smart-1.2.jar:/home/student/.m2/repository/org/ow2/asm/asm/5.0.4/asm-5.0.4.jar:/home/student/.m2/repository/org/apache/curator/curator-framework/2.12.0/curator-framework-2.12.0.jar:/home/student/.m2/repository/junit/junit/4.11/junit-4.11.jar:/home/student/.m2/repository/org/hamcrest/hamcrest-core/1.3/hamcrest-core-1.3.jar:"/>
    <property name="java.vm.vendor" value="Red Hat, Inc."/>
    <property name="sun.arch.data.model" value="64"/>
    <property name="java.vendor.url" value="https://www.redhat.com/"/>
    <property name="user.timezone" value=""/>
    <property name="java.vm.specification.version" value="1.8"/>
    <property name="os.name" value="Linux"/>
    <property name="user.country" value="US"/>
    <property name="sun.java.launcher" value="SUN_STANDARD"/>
    <property name="sun.boot.library.path" value="/usr/lib/jvm/java-1.8.0-openjdk-1.8.0.292.b10-1.el7_9.x86_64/jre/lib/amd64"/>
    <property name="sun.java.command" value="/home/student/songwanquan/maven/hadoop-rpc-demo/rpc-server/target/surefire/surefirebooter8033902687214503708.jar /home/student/songwanquan/maven/hadoop-rpc-demo/rpc-server/target/surefire 2021-07-25T23-49-12_576-jvmRun1 surefire3600806835765079796tmp surefire_06579086031668390220tmp"/>
    <property name="surefire.test.class.path" value="/home/student/songwanquan/maven/hadoop-rpc-demo/rpc-server/target/test-classes:/home/student/songwanquan/maven/hadoop-rpc-demo/rpc-server/target/classes:/home/student/.m2/repository/org/apache/hadoop/hadoop-common/3.0.0/hadoop-common-3.0.0.jar:/home/student/.m2/repository/org/apache/hadoop/hadoop-annotations/3.0.0/hadoop-annotations-3.0.0.jar:/usr/lib/jvm/java-1.8.0-openjdk-1.8.0.292.b10-1.el7_9.x86_64/jre/../lib/tools.jar:/home/student/.m2/repository/com/google/guava/guava/11.0.2/guava-11.0.2.jar:/home/student/.m2/repository/commons-cli/commons-cli/1.2/commons-cli-1.2.jar:/home/student/.m2/repository/org/apache/commons/commons-math3/3.1.1/commons-math3-3.1.1.jar:/home/student/.m2/repository/org/apache/httpcomponents/httpclient/4.5.2/httpclient-4.5.2.jar:/home/student/.m2/repository/org/apache/httpcomponents/httpcore/4.4.4/httpcore-4.4.4.jar:/home/student/.m2/repository/commons-codec/commons-codec/1.4/commons-codec-1.4.jar:/home/student/.m2/repository/commons-io/commons-io/2.4/commons-io-2.4.jar:/home/student/.m2/repository/commons-net/commons-net/3.1/commons-net-3.1.jar:/home/student/.m2/repository/commons-collections/commons-collections/3.2.2/commons-collections-3.2.2.jar:/home/student/.m2/repository/javax/servlet/javax.servlet-api/3.1.0/javax.servlet-api-3.1.0.jar:/home/student/.m2/repository/org/eclipse/jetty/jetty-server/9.3.19.v20170502/jetty-server-9.3.19.v20170502.jar:/home/student/.m2/repository/org/eclipse/jetty/jetty-http/9.3.19.v20170502/jetty-http-9.3.19.v20170502.jar:/home/student/.m2/repository/org/eclipse/jetty/jetty-io/9.3.19.v20170502/jetty-io-9.3.19.v20170502.jar:/home/student/.m2/repository/org/eclipse/jetty/jetty-util/9.3.19.v20170502/jetty-util-9.3.19.v20170502.jar:/home/student/.m2/repository/org/eclipse/jetty/jetty-servlet/9.3.19.v20170502/jetty-servlet-9.3.19.v20170502.jar:/home/student/.m2/repository/org/eclipse/jetty/jetty-security/9.3.19.v20170502/jetty-security-9.3.19.v20170502.jar:/home/student/.m2/repository/org/eclipse/jetty/jetty-webapp/9.3.19.v20170502/jetty-webapp-9.3.19.v20170502.jar:/home/student/.m2/repository/org/eclipse/jetty/jetty-xml/9.3.19.v20170502/jetty-xml-9.3.19.v20170502.jar:/home/student/.m2/repository/javax/servlet/jsp/jsp-api/2.1/jsp-api-2.1.jar:/home/student/.m2/repository/com/sun/jersey/jersey-core/1.19/jersey-core-1.19.jar:/home/student/.m2/repository/javax/ws/rs/jsr311-api/1.1.1/jsr311-api-1.1.1.jar:/home/student/.m2/repository/com/sun/jersey/jersey-servlet/1.19/jersey-servlet-1.19.jar:/home/student/.m2/repository/com/sun/jersey/jersey-json/1.19/jersey-json-1.19.jar:/home/student/.m2/repository/org/codehaus/jettison/jettison/1.1/jettison-1.1.jar:/home/student/.m2/repository/com/sun/xml/bind/jaxb-impl/2.2.3-1/jaxb-impl-2.2.3-1.jar:/home/student/.m2/repository/org/codehaus/jackson/jackson-core-asl/1.9.2/jackson-core-asl-1.9.2.jar:/home/student/.m2/repository/org/codehaus/jackson/jackson-mapper-asl/1.9.2/jackson-mapper-asl-1.9.2.jar:/home/student/.m2/repository/org/codehaus/jackson/jackson-jaxrs/1.9.2/jackson-jaxrs-1.9.2.jar:/home/student/.m2/repository/org/codehaus/jackson/jackson-xc/1.9.2/jackson-xc-1.9.2.jar:/home/student/.m2/repository/com/sun/jersey/jersey-server/1.19/jersey-server-1.19.jar:/home/student/.m2/repository/commons-logging/commons-logging/1.1.3/commons-logging-1.1.3.jar:/home/student/.m2/repository/log4j/log4j/1.2.17/log4j-1.2.17.jar:/home/student/.m2/repository/commons-lang/commons-lang/2.6/commons-lang-2.6.jar:/home/student/.m2/repository/commons-beanutils/commons-beanutils/1.9.3/commons-beanutils-1.9.3.jar:/home/student/.m2/repository/org/apache/commons/commons-configuration2/2.1.1/commons-configuration2-2.1.1.jar:/home/student/.m2/repository/org/apache/commons/commons-lang3/3.4/commons-lang3-3.4.jar:/home/student/.m2/repository/org/slf4j/slf4j-api/1.7.25/slf4j-api-1.7.25.jar:/home/student/.m2/repository/org/slf4j/slf4j-log4j12/1.7.25/slf4j-log4j12-1.7.25.jar:/home/student/.m2/repository/org/apache/avro/avro/1.7.7/avro-1.7.7.jar:/home/student/.m2/repository/com/thoughtworks/paranamer/paranamer/2.3/paranamer-2.3.jar:/home/student/.m2/repository/org/xerial/snappy/snappy-java/1.0.5/snappy-java-1.0.5.jar:/home/student/.m2/repository/com/google/re2j/re2j/1.1/re2j-1.1.jar:/home/student/.m2/repository/com/google/protobuf/protobuf-java/2.5.0/protobuf-java-2.5.0.jar:/home/student/.m2/repository/com/google/code/gson/gson/2.2.4/gson-2.2.4.jar:/home/student/.m2/repository/com/jcraft/jsch/0.1.54/jsch-0.1.54.jar:/home/student/.m2/repository/org/apache/curator/curator-client/2.12.0/curator-client-2.12.0.jar:/home/student/.m2/repository/org/apache/curator/curator-recipes/2.12.0/curator-recipes-2.12.0.jar:/home/student/.m2/repository/com/google/code/findbugs/jsr305/3.0.0/jsr305-3.0.0.jar:/home/student/.m2/repository/org/apache/htrace/htrace-core4/4.1.0-incubating/htrace-core4-4.1.0-incubating.jar:/home/student/.m2/repository/org/apache/zookeeper/zookeeper/3.4.9/zookeeper-3.4.9.jar:/home/student/.m2/repository/jline/jline/0.9.94/jline-0.9.94.jar:/home/student/.m2/repository/org/apache/commons/commons-compress/1.4.1/commons-compress-1.4.1.jar:/home/student/.m2/repository/org/tukaani/xz/1.0/xz-1.0.jar:/home/student/.m2/repository/org/apache/kerby/kerb-simplekdc/1.0.1/kerb-simplekdc-1.0.1.jar:/home/student/.m2/repository/org/apache/kerby/kerb-client/1.0.1/kerb-client-1.0.1.jar:/home/student/.m2/repository/org/apache/kerby/kerby-config/1.0.1/kerby-config-1.0.1.jar:/home/student/.m2/repository/org/apache/kerby/kerb-core/1.0.1/kerb-core-1.0.1.jar:/home/student/.m2/repository/org/apache/kerby/kerby-pkix/1.0.1/kerby-pkix-1.0.1.jar:/home/student/.m2/repository/org/apache/kerby/kerby-asn1/1.0.1/kerby-asn1-1.0.1.jar:/home/student/.m2/repository/org/apache/kerby/kerby-util/1.0.1/kerby-util-1.0.1.jar:/home/student/.m2/repository/org/apache/kerby/kerb-common/1.0.1/kerb-common-1.0.1.jar:/home/student/.m2/repository/org/apache/kerby/kerb-crypto/1.0.1/kerb-crypto-1.0.1.jar:/home/student/.m2/repository/org/apache/kerby/kerb-util/1.0.1/kerb-util-1.0.1.jar:/home/student/.m2/repository/org/apache/kerby/token-provider/1.0.1/token-provider-1.0.1.jar:/home/student/.m2/repository/org/apache/kerby/kerb-admin/1.0.1/kerb-admin-1.0.1.jar:/home/student/.m2/repository/org/apache/kerby/kerb-server/1.0.1/kerb-server-1.0.1.jar:/home/student/.m2/repository/org/apache/kerby/kerb-identity/1.0.1/kerb-identity-1.0.1.jar:/home/student/.m2/repository/org/apache/kerby/kerby-xdr/1.0.1/kerby-xdr-1.0.1.jar:/home/student/.m2/repository/com/fasterxml/jackson/core/jackson-databind/2.7.8/jackson-databind-2.7.8.jar:/home/student/.m2/repository/com/fasterxml/jackson/core/jackson-annotations/2.7.0/jackson-annotations-2.7.0.jar:/home/student/.m2/repository/com/fasterxml/jackson/core/jackson-core/2.7.8/jackson-core-2.7.8.jar:/home/student/.m2/repository/org/codehaus/woodstox/stax2-api/3.1.4/stax2-api-3.1.4.jar:/home/student/.m2/repository/com/fasterxml/woodstox/woodstox-core/5.0.3/woodstox-core-5.0.3.jar:/home/student/.m2/repository/org/apache/hadoop/hadoop-hdfs/3.0.0/hadoop-hdfs-3.0.0.jar:/home/student/.m2/repository/org/eclipse/jetty/jetty-util-ajax/9.3.19.v20170502/jetty-util-ajax-9.3.19.v20170502.jar:/home/student/.m2/repository/commons-daemon/commons-daemon/1.0.13/commons-daemon-1.0.13.jar:/home/student/.m2/repository/io/netty/netty/3.10.5.Final/netty-3.10.5.Final.jar:/home/student/.m2/repository/io/netty/netty-all/4.0.23.Final/netty-all-4.0.23.Final.jar:/home/student/.m2/repository/org/fusesource/leveldbjni/leveldbjni-all/1.8/leveldbjni-all-1.8.jar:/home/student/.m2/repository/org/apache/hadoop/hadoop-client/3.0.0/hadoop-client-3.0.0.jar:/home/student/.m2/repository/org/apache/hadoop/hadoop-hdfs-client/3.0.0/hadoop-hdfs-client-3.0.0.jar:/home/student/.m2/repository/com/squareup/okhttp/okhttp/2.4.0/okhttp-2.4.0.jar:/home/student/.m2/repository/com/squareup/okio/okio/1.4.0/okio-1.4.0.jar:/home/student/.m2/repository/org/apache/hadoop/hadoop-yarn-api/3.0.0/hadoop-yarn-api-3.0.0.jar:/home/student/.m2/repository/javax/xml/bind/jaxb-api/2.2.11/jaxb-api-2.2.11.jar:/home/student/.m2/repository/org/apache/hadoop/hadoop-yarn-client/3.0.0/hadoop-yarn-client-3.0.0.jar:/home/student/.m2/repository/org/apache/hadoop/hadoop-mapreduce-client-core/3.0.0/hadoop-mapreduce-client-core-3.0.0.jar:/home/student/.m2/repository/org/apache/hadoop/hadoop-yarn-common/3.0.0/hadoop-yarn-common-3.0.0.jar:/home/student/.m2/repository/com/sun/jersey/jersey-client/1.19/jersey-client-1.19.jar:/home/student/.m2/repository/com/google/inject/guice/4.0/guice-4.0.jar:/home/student/.m2/repository/javax/inject/javax.inject/1/javax.inject-1.jar:/home/student/.m2/repository/aopalliance/aopalliance/1.0/aopalliance-1.0.jar:/home/student/.m2/repository/com/sun/jersey/contribs/jersey-guice/1.19/jersey-guice-1.19.jar:/home/student/.m2/repository/com/fasterxml/jackson/module/jackson-module-jaxb-annotations/2.7.8/jackson-module-jaxb-annotations-2.7.8.jar:/home/student/.m2/repository/com/fasterxml/jackson/jaxrs/jackson-jaxrs-json-provider/2.7.8/jackson-jaxrs-json-provider-2.7.8.jar:/home/student/.m2/repository/com/fasterxml/jackson/jaxrs/jackson-jaxrs-base/2.7.8/jackson-jaxrs-base-2.7.8.jar:/home/student/.m2/repository/com/google/inject/extensions/guice-servlet/4.0/guice-servlet-4.0.jar:/home/student/.m2/repository/org/apache/hadoop/hadoop-mapreduce-client-common/3.0.0/hadoop-mapreduce-client-common-3.0.0.jar:/home/student/.m2/repository/org/apache/hadoop/hadoop-mapreduce-client-hs/3.0.0/hadoop-mapreduce-client-hs-3.0.0.jar:/home/student/.m2/repository/org/apache/hadoop/hadoop-mapreduce-client-app/3.0.0/hadoop-mapreduce-client-app-3.0.0.jar:/home/student/.m2/repository/org/apache/hadoop/hadoop-yarn-server-web-proxy/3.0.0/hadoop-yarn-server-web-proxy-3.0.0.jar:/home/student/.m2/repository/org/apache/hadoop/hadoop-mapreduce-client-jobclient/3.0.0/hadoop-mapreduce-client-jobclient-3.0.0.jar:/home/student/.m2/repository/org/apache/hadoop/hadoop-mapreduce-client-shuffle/3.0.0/hadoop-mapreduce-client-shuffle-3.0.0.jar:/home/student/.m2/repository/org/apache/hadoop/hadoop-yarn-server-common/3.0.0/hadoop-yarn-server-common-3.0.0.jar:/home/student/.m2/repository/org/apache/geronimo/specs/geronimo-jcache_1.0_spec/1.0-alpha-1/geronimo-jcache_1.0_spec-1.0-alpha-1.jar:/home/student/.m2/repository/org/ehcache/ehcache/3.3.1/ehcache-3.3.1.jar:/home/student/.m2/repository/com/zaxxer/HikariCP-java7/2.4.12/HikariCP-java7-2.4.12.jar:/home/student/.m2/repository/org/apache/hadoop/hadoop-yarn-server-nodemanager/3.0.0/hadoop-yarn-server-nodemanager-3.0.0.jar:/home/student/.m2/repository/org/apache/hadoop/hadoop-yarn-registry/3.0.0/hadoop-yarn-registry-3.0.0.jar:/home/student/.m2/repository/com/codahale/metrics/metrics-core/3.0.1/metrics-core-3.0.1.jar:/home/student/.m2/repository/org/apache/hadoop/hadoop-auth/3.0.0/hadoop-auth-3.0.0.jar:/home/student/.m2/repository/com/nimbusds/nimbus-jose-jwt/4.41.1/nimbus-jose-jwt-4.41.1.jar:/home/student/.m2/repository/com/github/stephenc/jcip/jcip-annotations/1.0-1/jcip-annotations-1.0-1.jar:/home/student/.m2/repository/net/minidev/json-smart/2.3/json-smart-2.3.jar:/home/student/.m2/repository/net/minidev/accessors-smart/1.2/accessors-smart-1.2.jar:/home/student/.m2/repository/org/ow2/asm/asm/5.0.4/asm-5.0.4.jar:/home/student/.m2/repository/org/apache/curator/curator-framework/2.12.0/curator-framework-2.12.0.jar:/home/student/.m2/repository/junit/junit/4.11/junit-4.11.jar:/home/student/.m2/repository/org/hamcrest/hamcrest-core/1.3/hamcrest-core-1.3.jar:"/>
    <property name="sun.cpu.endian" value="little"/>
    <property name="user.home" value="/home/student"/>
    <property name="user.language" value="en"/>
    <property name="java.specification.vendor" value="Oracle Corporation"/>
    <property name="java.home" value="/usr/lib/jvm/java-1.8.0-openjdk-1.8.0.292.b10-1.el7_9.x86_64/jre"/>
    <property name="basedir" value="/home/student/songwanquan/maven/hadoop-rpc-demo/rpc-server"/>
    <property name="file.separator" value="/"/>
    <property name="line.separator" value="&#10;"/>
    <property name="java.vm.specification.vendor" value="Oracle Corporation"/>
    <property name="java.specification.name" value="Java Platform API Specification"/>
    <property name="java.awt.graphicsenv" value="sun.awt.X11GraphicsEnvironment"/>
    <property name="surefire.real.class.path" value="/home/student/songwanquan/maven/hadoop-rpc-demo/rpc-server/target/surefire/surefirebooter8033902687214503708.jar"/>
    <property name="sun.boot.class.path" value="/usr/lib/jvm/java-1.8.0-openjdk-1.8.0.292.b10-1.el7_9.x86_64/jre/lib/resources.jar:/usr/lib/jvm/java-1.8.0-openjdk-1.8.0.292.b10-1.el7_9.x86_64/jre/lib/rt.jar:/usr/lib/jvm/java-1.8.0-openjdk-1.8.0.292.b10-1.el7_9.x86_64/jre/lib/sunrsasign.jar:/usr/lib/jvm/java-1.8.0-openjdk-1.8.0.292.b10-1.el7_9.x86_64/jre/lib/jsse.jar:/usr/lib/jvm/java-1.8.0-openjdk-1.8.0.292.b10-1.el7_9.x86_64/jre/lib/jce.jar:/usr/lib/jvm/java-1.8.0-openjdk-1.8.0.292.b10-1.el7_9.x86_64/jre/lib/charsets.jar:/usr/lib/jvm/java-1.8.0-openjdk-1.8.0.292.b10-1.el7_9.x86_64/jre/lib/jfr.jar:/usr/lib/jvm/java-1.8.0-openjdk-1.8.0.292.b10-1.el7_9.x86_64/jre/classes"/>
    <property name="sun.management.compiler" value="HotSpot 64-Bit Tiered Compilers"/>
    <property name="java.runtime.version" value="1.8.0_292-b10"/>
    <property name="user.name" value="student"/>
    <property name="path.separator" value=":"/>
    <property name="os.version" value="3.10.0-514.26.2.el7.x86_64"/>
    <property name="java.endorsed.dirs" value="/usr/lib/jvm/java-1.8.0-openjdk-1.8.0.292.b10-1.el7_9.x86_64/jre/lib/endorsed"/>
    <property name="java.runtime.name" value="OpenJDK Runtime Environment"/>
    <property name="file.encoding" value="UTF-8"/>
    <property name="java.vm.name" value="OpenJDK 64-Bit Server VM"/>
    <property name="localRepository" value="/home/student/.m2/repository"/>
    <property name="java.vendor.url.bug" value="https://bugzilla.redhat.com/enter_bug.cgi?product=Red%20Hat%20Enterprise%20Linux%207&amp;component=java-1.8.0-openjdk"/>
    <property name="java.io.tmpdir" value="/tmp"/>
    <property name="java.version" value="1.8.0_292"/>
    <property name="user.dir" value="/home/student/songwanquan/maven/hadoop-rpc-demo/rpc-server"/>
    <property name="os.arch" value="amd64"/>
    <property name="java.vm.specification.name" value="Java Virtual Machine Specification"/>
    <property name="java.awt.printerjob" value="sun.print.PSPrinterJob"/>
    <property name="sun.os.patch.level" value="unknown"/>
    <property name="java.library.path" value="/usr/java/packages/lib/amd64:/usr/lib64:/lib64:/lib:/usr/lib"/>
    <property name="java.vm.info" value="mixed mode"/>
    <property name="java.vendor" value="Red Hat, Inc."/>
    <property name="java.vm.version" value="25.292-b10"/>
    <property name="java.ext.dirs" value="/usr/lib/jvm/java-1.8.0-openjdk-1.8.0.292.b10-1.el7_9.x86_64/jre/lib/ext:/usr/java/packages/lib/ext"/>
    <property name="sun.io.unicode.encoding" value="UnicodeLittle"/>
    <property name="java.class.version" value="52.0"/>
  </properties>
  <testcase name="shouldAnswerWithTrue" classname="org.dean.AppTest" time="0.002"/>
</testsuite>